2025-11-18 21:32:54,448 - INFO - TRAINING: 02-TrainFloorDetectionModel.py
2025-11-18 21:32:54,977 - INFO - X_train_scaled shape: (2269, 308)
2025-11-18 21:32:54,977 - INFO - y_train shape: (2269,)
2025-11-18 21:32:54,977 - INFO - X_test_scaled shape: (250, 308)
2025-11-18 21:32:54,978 - INFO - y_test shape: (250,)
2025-11-18 21:33:14,407 - INFO - y_test: [ 0  0  0  0  0  0  0  0  0 -2 -2 -2 -2 -2 -2 -2 -2 -2 -2 -2 -2  0 -2 -2
 -2 -2 -1  0  0  0  0  0  0  0  0  0  0 -2 -2 -2 -2 -2 -2 -2 -2 -2 -2 -2
 -2 -2 -2 -2 -2 -1  0  0 -2 -2 -2 -2 -2 -2 -2 -2 -2 -2 -2 -2 -2 -2 -2  0
  0  0  0  0  0  0  0  0  0  0 -1 -2 -2 -2 -2 -2 -2 -2 -2 -2 -2 -2 -2 -2
 -2 -2 -2  0  0  0  0  0  0  0  0  0  0  0 -1 -2  0 -2 -2 -2 -2  0  0  0
  0  0  0  0  0  0  0  0  0  0  0  0  0  0  0  0  0  0  0  0 -1 -2 -2 -2
 -2 -2 -2  0  0  0  0  0 -1 -1 -2 -2 -2 -2 -2 -2 -2 -2 -2 -2  0 -2 -2 -2
 -2 -2 -2 -2 -2 -2 -2  0 -2 -2 -2 -2 -2  0  0  0  0  0  0  0  0  0  0  0
  0  0  0  0  0  0  0  0  0 -1 -2 -2 -2 -2 -2 -2  0  0  0  0  0 -1 -1 -2
 -2 -2 -2 -2 -2 -2 -2 -2 -2 -2 -2  0 -2 -2 -2 -2 -2 -2 -2  0 -2 -2 -2 -2
 -2 -2 -2 -2  0 -2 -2  0  0  0]
2025-11-18 21:33:14,409 - INFO - y_pred: [ 0  0  0  0  0 -2 -2 -2 -2 -2 -2 -2 -2 -2 -2 -2 -2 -2 -2 -2 -2  0 -2 -2
 -2 -2 -2  0  0  0  0  0 -2 -2  0 -2  0 -2 -2 -2 -2 -2 -2 -2 -2 -2 -2 -2
 -2 -2 -2 -2 -2 -2  0  0 -2 -2 -2 -2 -2  0 -2 -2 -2 -2 -2 -2 -2 -2 -2 -2
  0  0  0  0  0  0  0  0  0  0 -2 -2 -2 -2 -2 -2 -2 -2 -2 -2 -2 -2 -2 -2
 -2 -2 -2  0 -2 -2 -2  0  0  0  0  0  0  0 -2 -2  0 -2 -2 -2 -2 -2  0  0
 -2  0 -2 -2  0  0 -2 -2  0  0 -2  0  0  0  0  0  0  0  0  0 -1 -2 -2 -2
 -2 -2 -2  0  0  0  0  0  0 -1 -2 -2 -2 -2 -2 -2 -2 -2 -2 -2  0 -2 -2 -2
 -2 -2 -2 -2 -2 -2 -2  0 -2 -2 -2 -2 -2  0  0  0 -2 -2 -2 -2 -2 -2  0  0
 -2 -2 -2 -2 -2  0  0 -2  0 -2 -2 -2 -2 -2 -2 -2  0  0  0 -2  0 -2 -2 -2
 -2 -2 -2 -2 -2 -2 -2 -2 -2 -2 -2  0 -2 -2 -2 -2 -2 -2 -2  0 -2 -2 -2 -2
 -2 -2 -2 -2  0 -2 -2  0  0  0]
2025-11-18 21:33:14,409 - INFO - Best combination: {'metric': 'manhattan', 'n_neighbors': 5, 'p': 1}
2025-11-18 21:33:14,409 - INFO - Accuracy: 84.0%
